#
# mktables.lst -- File list for mktables.
#
#   Autogenerated on Fri Mar 20 14:16:10 2009
#
# - First section is input files
#   (mktables itself is automatically included)
# - Section seperator is /^=+$/
# - Second section is a list of output files.
# - Lines matching /^\s*#/ are treated as comments
#   which along with blank lines are ignored.
#

# Input files:

ArabicShaping.txt
BidiMirroring.txt
Blocks.txt
CaseFolding.txt
CompositionExclusions.txt
DAge.txt
DBidiClass.txt
DBinaryProperties.txt
DCombiningClass.txt
DCoreProperties.txt
DDecompositionType.txt
DEastAsianWidth.txt
DGeneralCategory.txt
DJoinGroup.txt
DJoinType.txt
DLineBreak.txt
DNormalizationProps.txt
DNumType.txt
DNumValues.txt
EastAsianWidth.txt
GraphemeBreakProperty.txt
HangulSyllableType.txt
Index.txt
Jamo.txt
LineBreak.txt
NameAliases.txt
NamedSequences.txt
NamedSqProv.txt
NamesList.txt
NormalizationCorrections.txt
PropList.txt
PropValueAliases.txt
PropertyAliases.txt
ReadMe.txt
Scripts.txt
SentenceBreakProperty.txt
SpecialCasing.txt
StandardizedVariants.txt
UnicodeData.txt
WordBreakProperty.txt
version

=================================

# Output files:

Properties
Canonical.pl
CombiningClass.pl
Decomposition.pl
Exact.pl
Name.pl
PVA.pl
To/Digit.pl
To/Fold.pl
To/Lower.pl
To/Title.pl
To/Upper.pl
lib/age/1_1.pl
lib/age/2_0.pl
lib/age/2_1.pl
lib/age/3_0.pl
lib/age/3_1.pl
lib/age/3_2.pl
lib/age/4_0.pl
lib/age/4_1.pl
lib/age/5_0.pl
lib/age/5_1.pl
lib/age/Unassign.pl
lib/bc/AL.pl
lib/bc/AN.pl
lib/bc/B.pl
lib/bc/BN.pl
lib/bc/CS.pl
lib/bc/EN.pl
lib/bc/ES.pl
lib/bc/ET.pl
lib/bc/L.pl
lib/bc/LRE.pl
lib/bc/LRO.pl
lib/bc/NSM.pl
lib/bc/ON.pl
lib/bc/PDF.pl
lib/bc/R.pl
lib/bc/RLE.pl
lib/bc/RLO.pl
lib/bc/S.pl
lib/bc/WS.pl
lib/ccc/0.pl
lib/ccc/1.pl
lib/ccc/10.pl
lib/ccc/103.pl
lib/ccc/107.pl
lib/ccc/11.pl
lib/ccc/118.pl
lib/ccc/12.pl
lib/ccc/122.pl
lib/ccc/129.pl
lib/ccc/13.pl
lib/ccc/130.pl
lib/ccc/132.pl
lib/ccc/14.pl
lib/ccc/15.pl
lib/ccc/16.pl
lib/ccc/17.pl
lib/ccc/18.pl
lib/ccc/19.pl
lib/ccc/20.pl
lib/ccc/202.pl
lib/ccc/21.pl
lib/ccc/214.pl
lib/ccc/216.pl
lib/ccc/218.pl
lib/ccc/22.pl
lib/ccc/220.pl
lib/ccc/222.pl
lib/ccc/224.pl
lib/ccc/226.pl
lib/ccc/228.pl
lib/ccc/23.pl
lib/ccc/230.pl
lib/ccc/232.pl
lib/ccc/233.pl
lib/ccc/234.pl
lib/ccc/24.pl
lib/ccc/240.pl
lib/ccc/25.pl
lib/ccc/26.pl
lib/ccc/27.pl
lib/ccc/28.pl
lib/ccc/29.pl
lib/ccc/30.pl
lib/ccc/31.pl
lib/ccc/32.pl
lib/ccc/33.pl
lib/ccc/34.pl
lib/ccc/35.pl
lib/ccc/36.pl
lib/ccc/7.pl
lib/ccc/8.pl
lib/ccc/84.pl
lib/ccc/9.pl
lib/ccc/91.pl
lib/dt/Can.pl
lib/dt/Com.pl
lib/dt/Enc.pl
lib/dt/Fin.pl
lib/dt/Font.pl
lib/dt/Fra.pl
lib/dt/Init.pl
lib/dt/Iso.pl
lib/dt/Med.pl
lib/dt/Nar.pl
lib/dt/Nb.pl
lib/dt/None.pl
lib/dt/Sml.pl
lib/dt/Sqr.pl
lib/dt/Sub.pl
lib/dt/Sup.pl
lib/dt/Vert.pl
lib/dt/Wide.pl
lib/ea/A.pl
lib/ea/F.pl
lib/ea/H.pl
lib/ea/N.pl
lib/ea/Na.pl
lib/ea/W.pl
lib/gc_sc/AHex.pl
lib/gc_sc/ASCII.pl
lib/gc_sc/All.pl
lib/gc_sc/Alnum.pl
lib/gc_sc/Alpha.pl
lib/gc_sc/Alphabet.pl
lib/gc_sc/Any.pl
lib/gc_sc/Arab.pl
lib/gc_sc/Armn.pl
lib/gc_sc/Assigned.pl
lib/gc_sc/Bali.pl
lib/gc_sc/Beng.pl
lib/gc_sc/BidiC.pl
lib/gc_sc/BidiM.pl
lib/gc_sc/Blank.pl
lib/gc_sc/Bopo.pl
lib/gc_sc/Brai.pl
lib/gc_sc/Bugi.pl
lib/gc_sc/Buhd.pl
lib/gc_sc/C.pl
lib/gc_sc/CE.pl
lib/gc_sc/Cans.pl
lib/gc_sc/Cari.pl
lib/gc_sc/Cc.pl
lib/gc_sc/Cf.pl
lib/gc_sc/Cham.pl
lib/gc_sc/Cher.pl
lib/gc_sc/Cn.pl
lib/gc_sc/Cntrl.pl
lib/gc_sc/Co.pl
lib/gc_sc/CompEx.pl
lib/gc_sc/Copt.pl
lib/gc_sc/Cprt.pl
lib/gc_sc/Cs.pl
lib/gc_sc/Cyrl.pl
lib/gc_sc/DI.pl
lib/gc_sc/Dash.pl
lib/gc_sc/Dep.pl
lib/gc_sc/Deva.pl
lib/gc_sc/Dia.pl
lib/gc_sc/Digit.pl
lib/gc_sc/Dsrt.pl
lib/gc_sc/Ethi.pl
lib/gc_sc/Ext.pl
lib/gc_sc/Geor.pl
lib/gc_sc/Glag.pl
lib/gc_sc/Goth.pl
lib/gc_sc/GrBase.pl
lib/gc_sc/GrExt.pl
lib/gc_sc/Graph.pl
lib/gc_sc/Grek.pl
lib/gc_sc/Gujr.pl
lib/gc_sc/Guru.pl
lib/gc_sc/Hang.pl
lib/gc_sc/Hani.pl
lib/gc_sc/Hano.pl
lib/gc_sc/Hebr.pl
lib/gc_sc/Hex.pl
lib/gc_sc/Hira.pl
lib/gc_sc/HorizSpa.pl
lib/gc_sc/Hyphen.pl
lib/gc_sc/IDC.pl
lib/gc_sc/IDS.pl
lib/gc_sc/IDSB.pl
lib/gc_sc/IDST.pl
lib/gc_sc/Ideo.pl
lib/gc_sc/InAegean.pl
lib/gc_sc/InAlphab.pl
lib/gc_sc/InAncie2.pl
lib/gc_sc/InAncie3.pl
lib/gc_sc/InAncien.pl
lib/gc_sc/InArabi2.pl
lib/gc_sc/InArabi3.pl
lib/gc_sc/InArabi4.pl
lib/gc_sc/InArabic.pl
lib/gc_sc/InArmeni.pl
lib/gc_sc/InArrows.pl
lib/gc_sc/InBaline.pl
lib/gc_sc/InBasicL.pl
lib/gc_sc/InBengal.pl
lib/gc_sc/InBlockE.pl
lib/gc_sc/InBopom2.pl
lib/gc_sc/InBopomo.pl
lib/gc_sc/InBoxDra.pl
lib/gc_sc/InBraill.pl
lib/gc_sc/InBugine.pl
lib/gc_sc/InBuhid.pl
lib/gc_sc/InByzant.pl
lib/gc_sc/InCJKCo2.pl
lib/gc_sc/InCJKCo3.pl
lib/gc_sc/InCJKCo4.pl
lib/gc_sc/InCJKCom.pl
lib/gc_sc/InCJKRad.pl
lib/gc_sc/InCJKStr.pl
lib/gc_sc/InCJKSym.pl
lib/gc_sc/InCJKUn2.pl
lib/gc_sc/InCJKUn3.pl
lib/gc_sc/InCJKUni.pl
lib/gc_sc/InCarian.pl
lib/gc_sc/InCham.pl
lib/gc_sc/InCherok.pl
lib/gc_sc/InCombi2.pl
lib/gc_sc/InCombi3.pl
lib/gc_sc/InCombi4.pl
lib/gc_sc/InCombin.pl
lib/gc_sc/InContro.pl
lib/gc_sc/InCoptic.pl
lib/gc_sc/InCounti.pl
lib/gc_sc/InCunei2.pl
lib/gc_sc/InCuneif.pl
lib/gc_sc/InCurren.pl
lib/gc_sc/InCyprio.pl
lib/gc_sc/InCyril2.pl
lib/gc_sc/InCyril3.pl
lib/gc_sc/InCyril4.pl
lib/gc_sc/InCyrill.pl
lib/gc_sc/InDesere.pl
lib/gc_sc/InDevana.pl
lib/gc_sc/InDingba.pl
lib/gc_sc/InDomino.pl
lib/gc_sc/InEnclo2.pl
lib/gc_sc/InEnclos.pl
lib/gc_sc/InEthio2.pl
lib/gc_sc/InEthio3.pl
lib/gc_sc/InEthiop.pl
lib/gc_sc/InGenera.pl
lib/gc_sc/InGeomet.pl
lib/gc_sc/InGeorg2.pl
lib/gc_sc/InGeorgi.pl
lib/gc_sc/InGlagol.pl
lib/gc_sc/InGothic.pl
lib/gc_sc/InGreekA.pl
lib/gc_sc/InGreekE.pl
lib/gc_sc/InGujara.pl
lib/gc_sc/InGurmuk.pl
lib/gc_sc/InHalfwi.pl
lib/gc_sc/InHangu2.pl
lib/gc_sc/InHangu3.pl
lib/gc_sc/InHangul.pl
lib/gc_sc/InHanuno.pl
lib/gc_sc/InHebrew.pl
lib/gc_sc/InHighPr.pl
lib/gc_sc/InHighSu.pl
lib/gc_sc/InHiraga.pl
lib/gc_sc/InIPAExt.pl
lib/gc_sc/InIdeogr.pl
lib/gc_sc/InKanbun.pl
lib/gc_sc/InKangxi.pl
lib/gc_sc/InKannad.pl
lib/gc_sc/InKatak2.pl
lib/gc_sc/InKataka.pl
lib/gc_sc/InKayahL.pl
lib/gc_sc/InKharos.pl
lib/gc_sc/InKhmer.pl
lib/gc_sc/InKhmerS.pl
lib/gc_sc/InLao.pl
lib/gc_sc/InLatin1.pl
lib/gc_sc/InLatin2.pl
lib/gc_sc/InLatin3.pl
lib/gc_sc/InLatin4.pl
lib/gc_sc/InLatin5.pl
lib/gc_sc/InLatinE.pl
lib/gc_sc/InLepcha.pl
lib/gc_sc/InLetter.pl
lib/gc_sc/InLimbu.pl
lib/gc_sc/InLinea2.pl
lib/gc_sc/InLinear.pl
lib/gc_sc/InLowSur.pl
lib/gc_sc/InLycian.pl
lib/gc_sc/InLydian.pl
lib/gc_sc/InMahjon.pl
lib/gc_sc/InMalaya.pl
lib/gc_sc/InMathe2.pl
lib/gc_sc/InMathem.pl
lib/gc_sc/InMisce2.pl
lib/gc_sc/InMisce3.pl
lib/gc_sc/InMisce4.pl
lib/gc_sc/InMisce5.pl
lib/gc_sc/InMiscel.pl
lib/gc_sc/InModifi.pl
lib/gc_sc/InMongol.pl
lib/gc_sc/InMusica.pl
lib/gc_sc/InMyanma.pl
lib/gc_sc/InNKo.pl
lib/gc_sc/InNewTai.pl
lib/gc_sc/InNoBloc.pl
lib/gc_sc/InNumber.pl
lib/gc_sc/InOgham.pl
lib/gc_sc/InOlChik.pl
lib/gc_sc/InOldIta.pl
lib/gc_sc/InOldPer.pl
lib/gc_sc/InOptica.pl
lib/gc_sc/InOriya.pl
lib/gc_sc/InOsmany.pl
lib/gc_sc/InPhagsP.pl
lib/gc_sc/InPhaist.pl
lib/gc_sc/InPhoeni.pl
lib/gc_sc/InPhone2.pl
lib/gc_sc/InPhonet.pl
lib/gc_sc/InPrivat.pl
lib/gc_sc/InRejang.pl
lib/gc_sc/InRunic.pl
lib/gc_sc/InSauras.pl
lib/gc_sc/InShavia.pl
lib/gc_sc/InSinhal.pl
lib/gc_sc/InSmallF.pl
lib/gc_sc/InSpacin.pl
lib/gc_sc/InSpecia.pl
lib/gc_sc/InSundan.pl
lib/gc_sc/InSupers.pl
lib/gc_sc/InSuppl2.pl
lib/gc_sc/InSuppl3.pl
lib/gc_sc/InSuppl4.pl
lib/gc_sc/InSuppl5.pl
lib/gc_sc/InSuppl6.pl
lib/gc_sc/InSupple.pl
lib/gc_sc/InSyloti.pl
lib/gc_sc/InSyriac.pl
lib/gc_sc/InTagalo.pl
lib/gc_sc/InTagban.pl
lib/gc_sc/InTags.pl
lib/gc_sc/InTaiLe.pl
lib/gc_sc/InTaiXua.pl
lib/gc_sc/InTamil.pl
lib/gc_sc/InTelugu.pl
lib/gc_sc/InThaana.pl
lib/gc_sc/InThai.pl
lib/gc_sc/InTibeta.pl
lib/gc_sc/InTifina.pl
lib/gc_sc/InUgarit.pl
lib/gc_sc/InUnifie.pl
lib/gc_sc/InVai.pl
lib/gc_sc/InVaria2.pl
lib/gc_sc/InVariat.pl
lib/gc_sc/InVertic.pl
lib/gc_sc/InYiRadi.pl
lib/gc_sc/InYiSyll.pl
lib/gc_sc/InYijing.pl
lib/gc_sc/Ital.pl
lib/gc_sc/JoinC.pl
lib/gc_sc/Kali.pl
lib/gc_sc/Kana.pl
lib/gc_sc/Khar.pl
lib/gc_sc/Khmr.pl
lib/gc_sc/Knda.pl
lib/gc_sc/L.pl
lib/gc_sc/LC.pl
lib/gc_sc/LOE.pl
lib/gc_sc/Laoo.pl
lib/gc_sc/Latn.pl
lib/gc_sc/Lepc.pl
lib/gc_sc/Limb.pl
lib/gc_sc/Linb.pl
lib/gc_sc/Ll.pl
lib/gc_sc/Lm.pl
lib/gc_sc/Lo.pl
lib/gc_sc/Lower.pl
lib/gc_sc/Lowercas.pl
lib/gc_sc/Lt.pl
lib/gc_sc/Lu.pl
lib/gc_sc/Lyci.pl
lib/gc_sc/Lydi.pl
lib/gc_sc/M.pl
lib/gc_sc/Math.pl
lib/gc_sc/Mc.pl
lib/gc_sc/Me.pl
lib/gc_sc/Mlym.pl
lib/gc_sc/Mn.pl
lib/gc_sc/Mong.pl
lib/gc_sc/Mymr.pl
lib/gc_sc/N.pl
lib/gc_sc/NChar.pl
lib/gc_sc/Nd.pl
lib/gc_sc/Nkoo.pl
lib/gc_sc/Nl.pl
lib/gc_sc/No.pl
lib/gc_sc/Ogam.pl
lib/gc_sc/Olck.pl
lib/gc_sc/Orya.pl
lib/gc_sc/Osma.pl
lib/gc_sc/P.pl
lib/gc_sc/PatSyn.pl
lib/gc_sc/PatWS.pl
lib/gc_sc/Pc.pl
lib/gc_sc/Pd.pl
lib/gc_sc/Pe.pl
lib/gc_sc/PerlSpac.pl
lib/gc_sc/PerlWord.pl
lib/gc_sc/Pf.pl
lib/gc_sc/Phag.pl
lib/gc_sc/Phnx.pl
lib/gc_sc/Pi.pl
lib/gc_sc/Po.pl
lib/gc_sc/PosixAln.pl
lib/gc_sc/PosixAlp.pl
lib/gc_sc/PosixBla.pl
lib/gc_sc/PosixCnt.pl
lib/gc_sc/PosixDig.pl
lib/gc_sc/PosixGra.pl
lib/gc_sc/PosixLow.pl
lib/gc_sc/PosixPri.pl
lib/gc_sc/PosixPun.pl
lib/gc_sc/PosixSpa.pl
lib/gc_sc/PosixUpp.pl
lib/gc_sc/Print.pl
lib/gc_sc/Ps.pl
lib/gc_sc/Punct.pl
lib/gc_sc/QMark.pl
lib/gc_sc/Qaai.pl
lib/gc_sc/Radical.pl
lib/gc_sc/Rjng.pl
lib/gc_sc/Runr.pl
lib/gc_sc/S.pl
lib/gc_sc/SD.pl
lib/gc_sc/STerm.pl
lib/gc_sc/Saur.pl
lib/gc_sc/Sc.pl
lib/gc_sc/Shaw.pl
lib/gc_sc/Sinh.pl
lib/gc_sc/Sk.pl
lib/gc_sc/Sm.pl
lib/gc_sc/So.pl
lib/gc_sc/Space.pl
lib/gc_sc/SpacePer.pl
lib/gc_sc/Sund.pl
lib/gc_sc/Sylo.pl
lib/gc_sc/Syrc.pl
lib/gc_sc/Tagb.pl
lib/gc_sc/Tale.pl
lib/gc_sc/Talu.pl
lib/gc_sc/Taml.pl
lib/gc_sc/Telu.pl
lib/gc_sc/Term.pl
lib/gc_sc/Tfng.pl
lib/gc_sc/Tglg.pl
lib/gc_sc/Thaa.pl
lib/gc_sc/Thai.pl
lib/gc_sc/Tibt.pl
lib/gc_sc/Title.pl
lib/gc_sc/UIdeo.pl
lib/gc_sc/Ugar.pl
lib/gc_sc/Upper.pl
lib/gc_sc/Uppercas.pl
lib/gc_sc/VS.pl
lib/gc_sc/Vaii.pl
lib/gc_sc/VertSpac.pl
lib/gc_sc/WSpace.pl
lib/gc_sc/Word.pl
lib/gc_sc/XDigit.pl
lib/gc_sc/XIDC.pl
lib/gc_sc/XIDS.pl
lib/gc_sc/XONFC.pl
lib/gc_sc/XONFD.pl
lib/gc_sc/XONFKC.pl
lib/gc_sc/XONFKD.pl
lib/gc_sc/Xpeo.pl
lib/gc_sc/Xsux.pl
lib/gc_sc/Yiii.pl
lib/gc_sc/Z.pl
lib/gc_sc/Zl.pl
lib/gc_sc/Zp.pl
lib/gc_sc/Zs.pl
lib/gc_sc/Zyyy.pl
lib/gc_sc/Zzzz.pl
lib/gc_sc/_CanonDC.pl
lib/gc_sc/_CaseIgn.pl
lib/gc_sc/_Cased.pl
lib/gc_sc/_CombAbo.pl
lib/gcb/CN.pl
lib/gcb/CR.pl
lib/gcb/EX.pl
lib/gcb/L.pl
lib/gcb/LF.pl
lib/gcb/LV.pl
lib/gcb/LVT.pl
lib/gcb/PP.pl
lib/gcb/SM.pl
lib/gcb/T.pl
lib/gcb/V.pl
lib/gcb/XX.pl
lib/hst/L.pl
lib/hst/LV.pl
lib/hst/LVT.pl
lib/hst/NA.pl
lib/hst/T.pl
lib/hst/V.pl
lib/jg/Ain.pl
lib/jg/Alaph.pl
lib/jg/Alef.pl
lib/jg/Beh.pl
lib/jg/Beth.pl
lib/jg/Burushas.pl
lib/jg/Dal.pl
lib/jg/DalathRi.pl
lib/jg/E.pl
lib/jg/Fe.pl
lib/jg/Feh.pl
lib/jg/FinalSem.pl
lib/jg/Gaf.pl
lib/jg/Gamal.pl
lib/jg/Hah.pl
lib/jg/HamzaOnH.pl
lib/jg/He.pl
lib/jg/Heh.pl
lib/jg/HehGoal.pl
lib/jg/Heth.pl
lib/jg/Kaf.pl
lib/jg/Kaph.pl
lib/jg/Khaph.pl
lib/jg/KnottedH.pl
lib/jg/Lam.pl
lib/jg/Lamadh.pl
lib/jg/Meem.pl
lib/jg/Mim.pl
lib/jg/NoJoinin.pl
lib/jg/Noon.pl
lib/jg/Nun.pl
lib/jg/Pe.pl
lib/jg/Qaf.pl
lib/jg/Qaph.pl
lib/jg/Reh.pl
lib/jg/Reversed.pl
lib/jg/Sad.pl
lib/jg/Sadhe.pl
lib/jg/Seen.pl
lib/jg/Semkath.pl
lib/jg/Shin.pl
lib/jg/SwashKaf.pl
lib/jg/SyriacWa.pl
lib/jg/Tah.pl
lib/jg/Taw.pl
lib/jg/TehMarbu.pl
lib/jg/Teth.pl
lib/jg/Waw.pl
lib/jg/Yeh.pl
lib/jg/YehBarre.pl
lib/jg/YehWithT.pl
lib/jg/Yudh.pl
lib/jg/YudhHe.pl
lib/jg/Zain.pl
lib/jg/Zhain.pl
lib/jt/C.pl
lib/jt/D.pl
lib/jt/R.pl
lib/jt/T.pl
lib/jt/U.pl
lib/lb/AI.pl
lib/lb/AL.pl
lib/lb/B2.pl
lib/lb/BA.pl
lib/lb/BB.pl
lib/lb/BK.pl
lib/lb/CB.pl
lib/lb/CL.pl
lib/lb/CM.pl
lib/lb/CR.pl
lib/lb/EX.pl
lib/lb/GL.pl
lib/lb/H2.pl
lib/lb/H3.pl
lib/lb/HY.pl
lib/lb/ID.pl
lib/lb/IN.pl
lib/lb/IS.pl
lib/lb/JL.pl
lib/lb/JT.pl
lib/lb/JV.pl
lib/lb/LF.pl
lib/lb/NL.pl
lib/lb/NS.pl
lib/lb/NU.pl
lib/lb/OP.pl
lib/lb/PO.pl
lib/lb/PR.pl
lib/lb/QU.pl
lib/lb/SA.pl
lib/lb/SG.pl
lib/lb/SP.pl
lib/lb/SY.pl
lib/lb/WJ.pl
lib/lb/XX.pl
lib/lb/ZW.pl
lib/nt/De.pl
lib/nt/Di.pl
lib/nt/None.pl
lib/nt/Nu.pl
lib/sb/AT.pl
lib/sb/CL.pl
lib/sb/CR.pl
lib/sb/EX.pl
lib/sb/FO.pl
lib/sb/LE.pl
lib/sb/LF.pl
lib/sb/LO.pl
lib/sb/NU.pl
lib/sb/SC.pl
lib/sb/SE.pl
lib/sb/SP.pl
lib/sb/ST.pl
lib/sb/UP.pl
lib/sb/XX.pl
lib/wb/CR.pl
lib/wb/EX.pl
lib/wb/Extend.pl
lib/wb/FO.pl
lib/wb/KA.pl
lib/wb/LE.pl
lib/wb/LF.pl
lib/wb/MB.pl
lib/wb/ML.pl
lib/wb/MN.pl
lib/wb/NL.pl
lib/wb/NU.pl
lib/wb/XX.pl

# 41 input files
# 635 output files

# End list
